<?xml version="1.0" encoding="UTF-8"?>
<!-- Generated by org.testng.reporters.JUnitXMLReporter -->
<testsuite ignored="0" hostname="DESKTOP-G6OK4CT" failures="0" tests="4" name="Test" time="42.063" errors="0" timestamp="2024-05-08T12:27:11 IST">
  <testcase classname="DevelopFramework.TestFour" name="testFour" time="9.546"/>
  <testcase classname="DevelopFramework.TestTwo" name="testTwo" time="5.93"/>
  <testcase classname="DevelopFramework.LoginTest" name="Login" time="20.709"/>
  <testcase classname="DevelopFramework.TestThree" name="testThree" time="5.79"/>
</testsuite> <!-- Test -->
